2025-03-04T19:30:48.984Z [INFO] Registration successful - scdubs@email.com
2025-03-04T19:31:32.388Z [INFO] User logged in - scdubs@email.com
2025-03-05T09:14:12.701Z [INFO] User logged in - scdubs@email.com
2025-03-05T11:07:34.418Z [INFO] User is logged out
2025-03-06T09:42:43.291Z [INFO] User logged in - scdubs@email.com
2025-03-06T11:00:47.470Z [ERROR] Registration error - ValidationError: name: Path `name` is required., email: Path `email` is required., password: Path `password` is required.
2025-03-06T11:05:45.815Z [ERROR] Registration error - ValidationError: name: Path `name` is required., email: Path `email` is required., password: Path `password` is required.
2025-03-06T11:10:01.057Z [INFO] Registration successful - HBudDubs@warriors.com
2025-03-06T11:10:44.859Z [INFO] User logged in - HBudDubs@warriors.com
2025-03-06T11:55:21.242Z [ERROR] error creating workspace - TypeError: Cannot read properties of undefined (reading 'id')
2025-03-06T12:12:08.220Z [ERROR] error creating workspace - TypeError: Cannot read properties of undefined (reading 'id')
2025-03-06T12:15:21.401Z [INFO] User logged in - HBudDubs@warriors.com
2025-03-06T12:15:58.158Z [INFO] workspace - Dubs4Playoffs created
2025-03-06T12:17:08.339Z [INFO] workspace - WarriorsStarters created
2025-03-06T12:22:26.282Z [INFO] 67c98287e1587c5a881cced5 workspaces retrieved
2025-03-06T12:26:43.741Z [ERROR] Authorization error - CastError: Cast to ObjectId failed for value ":67c99243801402eccde9b866" (type string) at path "_id" for model "Workspace"
2025-03-06T12:28:55.384Z [INFO] workspace 67c99243801402eccde9b866 deleted
2025-03-06T12:29:02.424Z [INFO] 67c98287e1587c5a881cced5 workspaces retrieved
2025-03-06T12:38:45.082Z [INFO] user 67c754e79b1a5f90c8629fdf added as colleague
2025-03-06T12:40:43.197Z [INFO] User logged in - scdubs@email.com
2025-03-06T12:41:36.016Z [INFO] 67c754e79b1a5f90c8629fdf workspaces retrieved
